
The following files have been resolved:
   org.springframework:spring-jdbc:jar:6.0.6:compile
   org.springframework.boot:spring-boot-starter-json:jar:3.0.4:compile
   org.springframework.boot:spring-boot:jar:3.0.4:compile
   com.fasterxml.jackson.datatype:jackson-datatype-jsr310:jar:2.14.2:compile
   io.micrometer:micrometer-observation:jar:1.10.4:compile
   org.hibernate.common:hibernate-commons-annotations:jar:6.0.6.Final:runtime
   org.glassfish.jaxb:jaxb-core:jar:4.0.2:runtime
   ch.qos.logback:logback-classic:jar:1.4.5:compile
   org.antlr:antlr4-runtime:jar:4.10.1:runtime
   com.fasterxml.jackson.core:jackson-databind:jar:2.14.2:compile
   org.springframework.boot:spring-boot-devtools:jar:3.0.4:runtime
   org.springframework:spring-beans:jar:6.0.9:compile
   org.hibernate.orm:hibernate-core:jar:6.1.7.Final:compile
   org.thymeleaf:thymeleaf:jar:3.1.1.RELEASE:compile
   org.apache.logging.log4j:log4j-api:jar:2.19.0:compile
   org.apache.tomcat.embed:tomcat-embed-websocket:jar:10.1.5:compile
   org.springframework.boot:spring-boot-autoconfigure:jar:3.0.4:compile
   org.springframework:spring-jcl:jar:6.0.6:compile
   jakarta.persistence:jakarta.persistence-api:jar:3.1.0:compile
   org.springframework.boot:spring-boot-starter-web:jar:3.0.4:compile
   org.apache.tomcat.embed:tomcat-embed-el:jar:10.1.5:compile
   org.attoparser:attoparser:jar:2.0.6.RELEASE:compile
   com.mysql:mysql-connector-j:jar:8.0.32:runtime
   org.springframework:spring-expression:jar:6.0.6:compile
   com.fasterxml.jackson.core:jackson-annotations:jar:2.14.2:compile
   io.micrometer:micrometer-commons:jar:1.10.4:compile
   org.springframework:spring-aop:jar:6.0.6:compile
   org.slf4j:jul-to-slf4j:jar:2.0.6:compile
   jakarta.transaction:jakarta.transaction-api:jar:2.0.1:compile
   org.slf4j:slf4j-api:jar:2.0.6:compile
   org.springframework.boot:spring-boot-starter-thymeleaf:jar:3.0.4:compile
   org.aspectj:aspectjweaver:jar:1.9.19:compile
   org.apache.tomcat.embed:tomcat-embed-core:jar:10.1.5:compile
   org.eclipse.angus:angus-activation:jar:2.0.0:runtime
   com.zaxxer:HikariCP:jar:5.0.1:compile
   org.springframework:spring-aspects:jar:6.0.6:compile
   org.springframework.data:spring-data-commons:jar:3.0.3:compile
   org.springframework.boot:spring-boot-starter-data-jpa:jar:3.0.4:compile
   ch.qos.logback:logback-core:jar:1.4.5:compile
   jakarta.annotation:jakarta.annotation-api:jar:2.1.1:compile
   org.glassfish.jaxb:jaxb-runtime:jar:4.0.2:runtime
   net.bytebuddy:byte-buddy:jar:1.12.23:runtime
   org.springframework.boot:spring-boot-starter-logging:jar:3.0.4:compile
   org.unbescape:unbescape:jar:1.1.6.RELEASE:compile
   org.springframework:spring-webmvc:jar:6.0.6:compile
   org.glassfish.jaxb:txw2:jar:4.0.2:runtime
   org.springframework:spring-context:jar:6.0.6:compile
   com.fasterxml.jackson.datatype:jackson-datatype-jdk8:jar:2.14.2:compile
   org.springframework.data:spring-data-jpa:jar:3.0.3:compile
   com.fasterxml.jackson.module:jackson-module-parameter-names:jar:2.14.2:compile
   org.jboss:jandex:jar:2.4.2.Final:runtime
   org.springframework:spring-web:jar:6.0.6:compile
   com.sun.istack:istack-commons-runtime:jar:4.1.1:runtime
   org.apache.logging.log4j:log4j-to-slf4j:jar:2.19.0:compile
   org.jboss.logging:jboss-logging:jar:3.5.0.Final:runtime
   org.springframework.boot:spring-boot-starter-jdbc:jar:3.0.4:compile
   org.springframework.boot:spring-boot-starter-aop:jar:3.0.4:compile
   org.springframework.boot:spring-boot-starter-tomcat:jar:3.0.4:compile
   org.springframework:spring-orm:jar:6.0.6:compile
   org.springframework:spring-tx:jar:6.0.6:compile
   org.thymeleaf:thymeleaf-spring6:jar:3.1.1.RELEASE:compile
   org.springframework.boot:spring-boot-starter:jar:3.0.4:compile
   org.yaml:snakeyaml:jar:1.33:compile
   com.fasterxml.jackson.core:jackson-core:jar:2.14.2:compile
   com.fasterxml:classmate:jar:1.5.1:runtime
   jakarta.inject:jakarta.inject-api:jar:2.0.0:runtime
   jakarta.activation:jakarta.activation-api:jar:2.1.1:runtime
   jakarta.xml.bind:jakarta.xml.bind-api:jar:4.0.0:runtime
   org.springframework:spring-core:jar:6.0.6:compile

